[15/Jul/2026 17:04:06] "GET / HTTP/1.1" 200 -
[15/Jul/2026 17:04:06] "GET / HTTP/1.1" 200 -
[15/Jul/2026 17:04:06] "GET /sw.js HTTP/1.1" 200 -
[15/Jul/2026 17:04:06] "GET /api/health HTTP/1.1" 503 -
[15/Jul/2026 19:13:21] "GET / HTTP/1.1" 200 -
[15/Jul/2026 19:13:21] "GET /manifest.webmanifest HTTP/1.1" 200 -
[15/Jul/2026 19:13:21] "GET /static/css/styles.css?v=56 HTTP/1.1" 200 -
[15/Jul/2026 19:13:21] "GET /static/js/config.js?v=20 HTTP/1.1" 200 -
[15/Jul/2026 19:13:21] "GET /static/js/app.js?v=47 HTTP/1.1" 200 -
[15/Jul/2026 19:13:21] "GET /static/brand/palmeiras-agenda-mark.svg?v=4 HTTP/1.1" 200 -
[15/Jul/2026 19:13:21] "GET /static/crests/1769.png HTTP/1.1" 200 -
[15/Jul/2026 19:13:21] "GET /api/v1/matches?status=SCHEDULED,TIMED,IN_PLAY,PAUSED&limit=5&team_id=1769 HTTP/1.1" 503 -
[15/Jul/2026 19:13:21] "GET /api/v1/matches?status=FINISHED&limit=5&team_id=1769 HTTP/1.1" 503 -
[15/Jul/2026 19:13:21] "GET /api/v1/matches?status=SCHEDULED,TIMED,IN_PLAY,PAUSED&limit=8&team_id=1769 HTTP/1.1" 503 -
[15/Jul/2026 19:13:21] "GET /api/v1/matches?status=FINISHED,PLAYING_TIME_FINISHED&limit=8&team_id=1769 HTTP/1.1" 503 -
[15/Jul/2026 19:13:21] "GET /api/v1/competitions?year=2026&team_id=1769 HTTP/1.1" 503 -
[15/Jul/2026 19:13:21] "GET /api/v1/news HTTP/1.1" 503 -
[15/Jul/2026 19:13:21] "GET /static/brand/palmeiras-agenda-favicon-32-v5.png HTTP/1.1" 200 -
[15/Jul/2026 19:13:21] "GET /api/v1/competitions?year=2026&team_id=1769 HTTP/1.1" 503 -
[15/Jul/2026 19:13:21] "GET /api/v1/matches?competition=WC&from_date=2026-06-11&to_date=2026-07-19&limit=200 HTTP/1.1" 503 -
[15/Jul/2026 19:13:21] "GET /api/v1/calendar_monthly?year=2026&month=7 HTTP/1.1" 503 -
[16/Jul/2026 09:36:54] "GET /api/health HTTP/1.1" 503 -
